app/build/intermediates/manifest_merge_blame_file/debug/manifest-merger-blame-debug-report.txt
1<?xml version="1.0" encoding="utf-8"?>
2<manifest xmlns:android="http://schemas.android.com/apk/res/android"
3    package="id.korev.infoquran"
4    android:versionCode="1"
5    android:versionName="1.0" >
6
7    <uses-sdk
8        android:minSdkVersion="16"
8-->src\main\AndroidManifest.xml
9        android:targetSdkVersion="28" />
9-->src\main\AndroidManifest.xml
10
11    <uses-permission android:name="android.permission.INTERNET" />
11-->src\main\AndroidManifest.xml:5:5-67
11-->src\main\AndroidManifest.xml:5:22-64
12
13    <application
13-->src\main\AndroidManifest.xml:7:5-28:19
14        android:allowBackup="true"
14-->src\main\AndroidManifest.xml:8:9-35
15        android:appComponentFactory="android.support.v4.app.CoreComponentFactory"
15-->[com.android.support:support-compat:28.0.0] AndroidManifest.xml:22:18-91
16        android:debuggable="true"
17        android:icon="@mipmap/ic_launcher"
17-->src\main\AndroidManifest.xml:9:9-43
18        android:label="Info Quran"
18-->src\main\AndroidManifest.xml:10:9-35
19        android:roundIcon="@mipmap/surah"
19-->src\main\AndroidManifest.xml:11:9-42
20        android:supportsRtl="true"
20-->src\main\AndroidManifest.xml:12:9-35
21        android:testOnly="true"
22        android:theme="@style/AppTheme" >
22-->src\main\AndroidManifest.xml:13:9-40
23        <activity
23-->src\main\AndroidManifest.xml:14:9-21:20
24            android:name="id.korev.infoquran.activity.splashscreen.SplashScreenActivity"
24-->src\main\AndroidManifest.xml:14:19-95
25            android:theme="@style/AppThemeNoActionBar" >
25-->src\main\AndroidManifest.xml:15:13-55
26            <intent-filter>
26-->src\main\AndroidManifest.xml:16:13-20:29
27                <action android:name="android.intent.action.MAIN" />
27-->src\main\AndroidManifest.xml:17:17-69
27-->src\main\AndroidManifest.xml:17:25-66
28
29                <category android:name="android.intent.category.LAUNCHER" />
29-->src\main\AndroidManifest.xml:19:17-77
29-->src\main\AndroidManifest.xml:19:27-74
30            </intent-filter>
31        </activity>
32        <activity
32-->src\main\AndroidManifest.xml:22:9-23:58
33            android:name="id.korev.infoquran.activity.main.MainActivity"
33-->src\main\AndroidManifest.xml:22:19-79
34            android:theme="@style/AppThemeNoActionBar" />
34-->src\main\AndroidManifest.xml:23:13-55
35        <activity android:name="id.korev.infoquran.activity.detail.DetailActivity" >
35-->src\main\AndroidManifest.xml:24:9-27:92
35-->src\main\AndroidManifest.xml:24:19-83
36            <meta-data
36-->src\main\AndroidManifest.xml:25:13-27:81
37                android:name="android.support.PARENT_ACTIVITY"
37-->src\main\AndroidManifest.xml:26:17-63
38                android:value="id.korev.infoquran.activity.main.MainActivity" />
38-->src\main\AndroidManifest.xml:27:17-78
39        </activity>
40    </application>
41
42</manifest>